<?xml version="1.0" encoding="UTF-8"?>
<testng-results skipped="0" failed="0" ignored="0" total="1" passed="1">
  <reporter-output>
  </reporter-output>
  <suite name="Suite" duration-ms="10035" started-at="2019-10-14T07:42:27Z" finished-at="2019-10-14T07:42:37Z">
    <groups>
    </groups>
    <test name="searchTest-chrome" duration-ms="10035" started-at="2019-10-14T07:42:27Z" finished-at="2019-10-14T07:42:37Z">
      <class name="com.combank.tests.ComBankTest">
        <test-method status="PASS" signature="Test(java.lang.String, java.lang.String, java.lang.String, java.lang.String)[pri:0, instance:com.combank.tests.ComBankTest@371a67ec]" name="Test" duration-ms="10017" started-at="2019-10-14T07:42:27Z" finished-at="2019-10-14T07:42:37Z">
          <params>
            <param index="0">
              <value>
                <![CDATA[chrome]]>
              </value>
            </param>
            <param index="1">
              <value>
                <![CDATA[A mix of cash and cards]]>
              </value>
            </param>
            <param index="2">
              <value>
                <![CDATA[12345678]]>
              </value>
            </param>
            <param index="3">
              <value>
                <![CDATA[TopSecretPassword]]>
              </value>
            </param>
          </params>
          <reporter-output>
          </reporter-output>
        </test-method> <!-- Test -->
      </class> <!-- com.combank.tests.ComBankTest -->
    </test> <!-- searchTest-chrome -->
  </suite> <!-- Suite -->
</testng-results>
